::1 - - [12/Mar/2023:07:18:21 +0700] "GET / HTTP/1.1" 403 318
::1 - - [12/Mar/2023:07:18:21 +0700] "GET /favicon.ico HTTP/1.1" 403 318
::1 - - [12/Mar/2023:07:18:21 +0700] "GET / HTTP/1.1" 403 318
::1 - - [12/Mar/2023:07:18:21 +0700] "GET /favicon.ico HTTP/1.1" 403 318
::1 - - [12/Mar/2023:07:18:24 +0700] "GET / HTTP/1.1" 403 318
::1 - - [12/Mar/2023:07:18:24 +0700] "GET /favicon.ico HTTP/1.1" 403 318
::1 - - [12/Mar/2023:18:06:50 +0700] "GET /menu/home HTTP/1.1" 403 318
::1 - - [12/Mar/2023:18:06:50 +0700] "GET /favicon.ico HTTP/1.1" 403 318
::1 - - [12/Mar/2023:18:06:54 +0700] "GET / HTTP/1.1" 403 318
::1 - - [12/Mar/2023:18:06:54 +0700] "GET / HTTP/1.1" 403 318
::1 - - [12/Mar/2023:18:06:54 +0700] "GET /favicon.ico HTTP/1.1" 403 318
::1 - - [12/Mar/2023:18:08:03 +0700] "GET / HTTP/1.1" 200 114062
::1 - - [12/Mar/2023:18:08:04 +0700] "GET / HTTP/1.1" 200 114062
::1 - - [12/Mar/2023:18:08:04 +0700] "GET /assets/fullcalendar/main.css HTTP/1.1" 200 40277
::1 - - [12/Mar/2023:18:08:04 +0700] "GET /assets/plugins/sparklines/sparkline.js HTTP/1.1" 200 7009
::1 - - [12/Mar/2023:18:08:04 +0700] "GET /assets/plugins/highcharts/exporting.js HTTP/1.1" 200 9280
::1 - - [12/Mar/2023:18:08:04 +0700] "GET /assets/calendar/fullcalendar.min.css HTTP/1.1" 200 15714
::1 - - [12/Mar/2023:18:08:04 +0700] "GET /assets/plugins/bootstrap/js/bootstrap.bundle.min.js HTTP/1.1" 200 78635
::1 - - [12/Mar/2023:18:08:04 +0700] "GET /assets/plugins/daterangepicker/daterangepicker.js HTTP/1.1" 200 65703
::1 - - [12/Mar/2023:18:08:04 +0700] "GET /assets/plugins/moment/moment.min.js HTTP/1.1" 200 53324
::1 - - [12/Mar/2023:18:08:04 +0700] "GET /assets/plugins/bootstrap-datepicker/dist/js/bootstrap-datepicker.min.js HTTP/1.1" 200 33599
::1 - - [12/Mar/2023:18:08:04 +0700] "GET /assets/plugins/chart.js/Chart.min.js HTTP/1.1" 200 172812
::1 - - [12/Mar/2023:18:08:04 +0700] "GET /assets/plugins/tempusdominus-bootstrap-4/js/tempusdominus-bootstrap-4.min.js HTTP/1.1" 200 56879
::1 - - [12/Mar/2023:18:08:04 +0700] "GET /assets/plugins/highcharts/highcharts.js HTTP/1.1" 200 191862
::1 - - [12/Mar/2023:18:08:05 +0700] "GET /assets/plugins/summernote/summernote-bs4.min.js HTTP/1.1" 200 127927
::1 - - [12/Mar/2023:18:08:05 +0700] "GET /assets/plugins/overlayScrollbars/js/jquery.overlayScrollbars.min.js HTTP/1.1" 200 42076
::1 - - [12/Mar/2023:18:08:05 +0700] "GET /assets/js/qrcodelib.js HTTP/1.1" 200 68187
::1 - - [12/Mar/2023:18:08:05 +0700] "GET /assets/js/webcodecamjquery.js HTTP/1.1" 200 21016
::1 - - [12/Mar/2023:18:08:05 +0700] "GET /assets/js/webcodecamjs.js HTTP/1.1" 200 21854
::1 - - [12/Mar/2023:18:08:05 +0700] "GET /assets/js/filereader.js HTTP/1.1" 200 2151
::1 - - [12/Mar/2023:18:08:05 +0700] "GET /assets/plugins/ekko-lightbox/ekko-lightbox.min.js HTTP/1.1" 200 14689
::1 - - [12/Mar/2023:18:08:05 +0700] "GET /assets/plugins/jquery-ui/jquery-ui.min.js HTTP/1.1" 200 253669
::1 - - [12/Mar/2023:18:08:05 +0700] "GET /assets/plugins/select2/js/select2.full.min.js HTTP/1.1" 200 78627
::1 - - [12/Mar/2023:18:08:05 +0700] "GET /assets/plugins/toastr/toastr.min.js HTTP/1.1" 200 5251
::1 - - [12/Mar/2023:18:08:05 +0700] "GET /assets/fullcalendar/main.js HTTP/1.1" 200 701852
::1 - - [12/Mar/2023:18:08:05 +0700] "GET /assets/plugins/fileUpload/js/fileinput.js HTTP/1.1" 200 260644
::1 - - [12/Mar/2023:18:08:05 +0700] "GET /assets/plugins/sweetalert2/sweetalert2.min.js HTTP/1.1" 200 39074
::1 - - [12/Mar/2023:18:08:05 +0700] "GET /assets/js/alert.js HTTP/1.1" 200 1286
::1 - - [12/Mar/2023:18:08:05 +0700] "GET /assets/plugins/pace-progress/pace.min.js HTTP/1.1" 200 12603
::1 - - [12/Mar/2023:18:08:05 +0700] "GET /assets/js/html5-qrcode.min.js HTTP/1.1" 200 386072
::1 - - [12/Mar/2023:18:08:05 +0700] "GET /assets/js/jquery.price_format.2.0.js HTTP/1.1" 200 7656
::1 - - [12/Mar/2023:18:08:05 +0700] "GET /assets/js/demo.js HTTP/1.1" 200 12351
::1 - - [12/Mar/2023:18:08:05 +0700] "GET /assets/js/jquery.number.js HTTP/1.1" 200 21631
::1 - - [12/Mar/2023:18:08:05 +0700] "GET /assets/js/adminlte.js HTTP/1.1" 200 55314
::1 - - [12/Mar/2023:18:08:05 +0700] "GET /assets/plugins/material-datetimepicker/js/bootstrap-material-datetimepicker.js HTTP/1.1" 200 56615
::1 - - [12/Mar/2023:18:08:05 +0700] "GET /assets/js/alacarte.js HTTP/1.1" 200 2596
::1 - - [12/Mar/2023:18:08:05 +0700] "GET /assets/images/banyumas.png HTTP/1.1" 200 645231
::1 - - [12/Mar/2023:18:08:05 +0700] "GET /favicon.ico HTTP/1.1" 404 25
::1 - - [12/Mar/2023:19:18:42 +0700] "GET / HTTP/1.1" 403 318
::1 - - [13/Mar/2023:09:52:35 +0700] "GET / HTTP/1.1" 403 318
::1 - - [13/Mar/2023:10:13:03 +0700] "GET / HTTP/1.1" 403 318
::1 - - [13/Mar/2023:10:13:20 +0700] "GET / HTTP/1.1" 403 318
::1 - - [13/Mar/2023:10:13:20 +0700] "GET / HTTP/1.1" 403 318
::1 - - [13/Mar/2023:11:57:45 +0700] "GET / HTTP/1.1" 403 318
::1 - - [13/Mar/2023:12:07:38 +0700] "GET / HTTP/1.1" 403 318
::1 - - [13/Mar/2023:12:07:59 +0700] "GET /dashboard/ HTTP/1.1" 403 318
::1 - - [13/Mar/2023:12:09:16 +0700] "GET /dashboard/ HTTP/1.1" 403 318
::1 - - [13/Mar/2023:12:09:18 +0700] "GET /dashboard/ HTTP/1.1" 403 318
::1 - - [13/Mar/2023:12:09:19 +0700] "GET /dashboard/ HTTP/1.1" 403 318
::1 - - [13/Mar/2023:12:09:36 +0700] "GET /dashboard/ HTTP/1.1" 403 318
::1 - - [13/Mar/2023:12:09:38 +0700] "GET /dashboard/ HTTP/1.1" 403 318
::1 - - [13/Mar/2023:12:09:39 +0700] "GET / HTTP/1.1" 403 318
::1 - - [13/Mar/2023:12:09:40 +0700] "GET / HTTP/1.1" 403 318
::1 - - [13/Mar/2023:12:53:27 +0700] "GET / HTTP/1.1" 403 318
::1 - - [13/Mar/2023:12:53:27 +0700] "GET /favicon.ico HTTP/1.1" 403 318
::1 - - [13/Mar/2023:12:53:43 +0700] "GET /dashboard/ HTTP/1.1" 403 318
::1 - - [13/Mar/2023:12:53:43 +0700] "GET /favicon.ico HTTP/1.1" 403 318
::1 - - [13/Mar/2023:12:56:16 +0700] "GET / HTTP/1.1" 403 307
::1 - - [13/Mar/2023:12:56:16 +0700] "GET /favicon.ico HTTP/1.1" 403 307
::1 - - [13/Mar/2023:12:56:45 +0700] "GET / HTTP/1.1" 403 307
::1 - - [13/Mar/2023:12:56:45 +0700] "GET /favicon.ico HTTP/1.1" 403 307
::1 - - [13/Mar/2023:13:16:00 +0700] "GET / HTTP/1.1" 403 318
::1 - - [13/Mar/2023:13:16:00 +0700] "GET / HTTP/1.1" 403 318
::1 - - [13/Mar/2023:13:16:00 +0700] "GET /favicon.ico HTTP/1.1" 403 318
::1 - - [13/Mar/2023:13:34:49 +0700] "GET / HTTP/1.1" 500 652
::1 - - [13/Mar/2023:13:34:50 +0700] "GET /favicon.ico HTTP/1.1" 500 652
::1 - - [13/Mar/2023:13:35:51 +0700] "GET / HTTP/1.1" 500 652
::1 - - [13/Mar/2023:13:35:51 +0700] "GET /favicon.ico HTTP/1.1" 500 652
::1 - - [13/Mar/2023:13:35:58 +0700] "GET / HTTP/1.1" 500 652
::1 - - [13/Mar/2023:13:35:58 +0700] "GET /favicon.ico HTTP/1.1" 500 652
::1 - - [13/Mar/2023:13:36:07 +0700] "GET / HTTP/1.1" 500 652
::1 - - [13/Mar/2023:13:36:07 +0700] "GET / HTTP/1.1" 500 652
::1 - - [13/Mar/2023:13:36:07 +0700] "GET /favicon.ico HTTP/1.1" 500 652
::1 - - [13/Mar/2023:13:38:02 +0700] "GET / HTTP/1.1" 403 318
::1 - - [13/Mar/2023:13:38:03 +0700] "GET /favicon.ico HTTP/1.1" 403 318
::1 - - [13/Mar/2023:13:38:24 +0700] "GET / HTTP/1.1" 403 318
::1 - - [13/Mar/2023:13:38:24 +0700] "GET /favicon.ico HTTP/1.1" 403 318
::1 - - [13/Mar/2023:13:38:29 +0700] "GET / HTTP/1.1" 403 318
::1 - - [13/Mar/2023:13:38:30 +0700] "GET / HTTP/1.1" 403 318
::1 - - [13/Mar/2023:13:38:30 +0700] "GET /favicon.ico HTTP/1.1" 403 318
::1 - - [13/Mar/2023:13:47:40 +0700] "GET / HTTP/1.1" 302 -
::1 - - [13/Mar/2023:13:47:40 +0700] "GET /dashboard/ HTTP/1.1" 200 7577
::1 - - [13/Mar/2023:13:47:48 +0700] "GET /dashboard/phpinfo.php HTTP/1.1" 200 85098
::1 - - [13/Mar/2023:13:47:49 +0700] "GET /favicon.ico HTTP/1.1" 200 30894
::1 - - [13/Mar/2023:13:47:56 +0700] "GET / HTTP/1.1" 302 -
::1 - - [13/Mar/2023:13:48:01 +0700] "GET / HTTP/1.1" 302 -
::1 - - [13/Mar/2023:13:48:04 +0700] "GET /dashboard/ HTTP/1.1" 200 7577
::1 - - [13/Mar/2023:13:48:04 +0700] "GET /dashboard/stylesheets/normalize.css HTTP/1.1" 200 6876
::1 - - [13/Mar/2023:13:48:04 +0700] "GET /dashboard/javascripts/modernizr.js HTTP/1.1" 200 51365
::1 - - [13/Mar/2023:13:48:04 +0700] "GET /dashboard/stylesheets/all.css HTTP/1.1" 200 481698
::1 - - [13/Mar/2023:13:48:04 +0700] "GET /dashboard/javascripts/all.js HTTP/1.1" 200 188385
::1 - - [13/Mar/2023:13:48:04 +0700] "GET /dashboard/images/xampp-logo.svg HTTP/1.1" 200 5427
::1 - - [13/Mar/2023:13:48:04 +0700] "GET /dashboard/images/bitnami-xampp.png HTTP/1.1" 200 22133
::1 - - [13/Mar/2023:13:48:04 +0700] "GET /dashboard/images/fastly-logo.png HTTP/1.1" 200 1770
::1 - - [13/Mar/2023:13:48:04 +0700] "GET /dashboard/images/social-icons.png HTTP/1.1" 200 3361
::1 - - [13/Mar/2023:13:48:05 +0700] "GET /dashboard/images/favicon.png HTTP/1.1" 200 2508
::1 - - [13/Mar/2023:13:48:08 +0700] "GET / HTTP/1.1" 302 -
::1 - - [13/Mar/2023:13:48:16 +0700] "GET /dashboard HTTP/1.1" 301 363
::1 - - [13/Mar/2023:13:49:50 +0700] "GET / HTTP/1.1" 302 -
::1 - - [13/Mar/2023:13:49:55 +0700] "GET / HTTP/1.1" 302 -
::1 - - [13/Mar/2023:13:50:57 +0700] "GET / HTTP/1.1" 403 318
::1 - - [13/Mar/2023:13:50:57 +0700] "GET / HTTP/1.1" 403 318
::1 - - [13/Mar/2023:13:51:15 +0700] "GET / HTTP/1.1" 403 318
::1 - - [13/Mar/2023:13:51:18 +0700] "GET / HTTP/1.1" 403 318
::1 - - [13/Mar/2023:13:51:19 +0700] "GET / HTTP/1.1" 403 318
::1 - - [13/Mar/2023:13:51:19 +0700] "GET /favicon.ico HTTP/1.1" 403 318
::1 - - [13/Mar/2023:13:51:19 +0700] "GET / HTTP/1.1" 403 318
::1 - - [13/Mar/2023:13:51:19 +0700] "GET /favicon.ico HTTP/1.1" 403 318
::1 - - [13/Mar/2023:13:51:19 +0700] "GET / HTTP/1.1" 403 318
::1 - - [13/Mar/2023:13:51:19 +0700] "GET /favicon.ico HTTP/1.1" 403 318
::1 - - [13/Mar/2023:13:52:34 +0700] "GET / HTTP/1.1" 403 318
::1 - - [13/Mar/2023:13:52:34 +0700] "GET / HTTP/1.1" 403 318
::1 - - [13/Mar/2023:13:52:34 +0700] "GET /favicon.ico HTTP/1.1" 403 318
::1 - - [14/Mar/2023:03:03:25 +0700] "GET / HTTP/1.1" 403 318
::1 - - [14/Mar/2023:03:03:25 +0700] "GET / HTTP/1.1" 403 318
::1 - - [14/Mar/2023:03:03:25 +0700] "GET /favicon.ico HTTP/1.1" 403 318
::1 - - [14/Mar/2023:03:36:11 +0700] "GET / HTTP/1.1" 403 318
::1 - - [14/Mar/2023:03:36:11 +0700] "GET /favicon.ico HTTP/1.1" 403 318
::1 - - [14/Mar/2023:03:36:14 +0700] "GET / HTTP/1.1" 403 318
::1 - - [14/Mar/2023:03:36:14 +0700] "GET /favicon.ico HTTP/1.1" 403 318
::1 - - [14/Mar/2023:11:07:09 +0700] "GET / HTTP/1.1" 200 10255
::1 - - [14/Mar/2023:11:07:09 +0700] "GET /favicon.ico HTTP/1.1" 200 10255
